2025-07-07 21:30:20,600 [Worker-5: Loading available Gradle versions] INFO  o.e.b.c.i.u.g.PublishedGradleVersions - Gradle version information cache is not available. Remote download required.
2025-07-07 21:32:49,449 [Worker-18: Importing Maven projects] INFO  o.e.m.c.i.l.LifecycleMappingFactory - Using org.eclipse.m2e.jdt.JarLifecycleMapping lifecycle mapping for MavenProject: com.example:SpringBootWebFlux_Assign2_yashpanchal:0.0.1-SNAPSHOT @ C:\Users\shahh\Downloads\SpringBootWebFlux_Assign2_yashpanchal\pom.xml.
2025-07-07 21:32:54,045 [Worker-18: Importing Maven projects] INFO  o.e.m.j.i.AbstractJavaProjectConfigurator - Adding source folder /SpringBootWebFlux_Assign2_yashpanchal/src/main/java
2025-07-07 21:32:54,055 [Worker-18: Importing Maven projects] INFO  o.e.m.j.i.AbstractJavaProjectConfigurator - Adding resource folder /SpringBootWebFlux_Assign2_yashpanchal/src/main/resources
2025-07-07 21:32:54,068 [Worker-18: Importing Maven projects] INFO  o.e.m.j.i.AbstractJavaProjectConfigurator - Adding resource folder /SpringBootWebFlux_Assign2_yashpanchal/src/main/resources
2025-07-07 21:32:54,078 [Worker-18: Importing Maven projects] INFO  o.e.m.j.i.AbstractJavaProjectConfigurator - Adding source folder /SpringBootWebFlux_Assign2_yashpanchal/src/test/java
2025-07-07 21:32:54,080 [Worker-18: Importing Maven projects] INFO  o.e.m.j.i.AbstractJavaProjectConfigurator - Adding resource folder /SpringBootWebFlux_Assign2_yashpanchal/src/test/resources
2025-07-07 21:32:55,690 [Worker-18: Importing Maven projects] INFO  o.e.m.c.i.p.ProjectConfigurationManager - Imported and configured 1 project(s) in 14 sec
2025-07-07 21:33:14,380 [Worker-30: Building] INFO  o.e.m.c.i.l.LifecycleMappingFactory - Using org.eclipse.m2e.jdt.JarLifecycleMapping lifecycle mapping for MavenProject: com.example:SpringBootWebFlux_Assign2_yashpanchal:0.0.1-SNAPSHOT @ C:\Users\shahh\Downloads\SpringBootWebFlux_Assign2_yashpanchal\pom.xml.
2025-07-07 21:33:16,890 [Worker-30: Building] INFO  o.a.m.s.f.DefaultMavenResourcesFiltering - Copying 1 resource from src\main\resources to target\classes
2025-07-07 21:33:16,922 [Worker-30: Building] INFO  o.a.m.s.f.DefaultMavenResourcesFiltering - Copying 0 resource from src\main\resources to target\classes
2025-07-07 21:33:16,932 [Worker-30: Building] INFO  o.a.m.s.f.DefaultMavenResourcesFiltering - skip non existing resourceDirectory C:\Users\shahh\Downloads\SpringBootWebFlux_Assign2_yashpanchal\src\test\resources
2025-07-07 21:33:18,816 [Worker-30: Building] INFO  o.a.m.s.f.DefaultMavenResourcesFiltering - Copying 1 resource from src\main\resources to target\classes
2025-07-07 21:33:18,839 [Worker-30: Building] INFO  o.a.m.s.f.DefaultMavenResourcesFiltering - Copying 0 resource from src\main\resources to target\classes
2025-07-07 21:33:18,854 [Worker-30: Building] INFO  o.a.m.s.f.DefaultMavenResourcesFiltering - skip non existing resourceDirectory C:\Users\shahh\Downloads\SpringBootWebFlux_Assign2_yashpanchal\src\test\resources
2025-07-07 21:34:07,304 [Worker-18: Building] INFO  o.a.m.s.f.DefaultMavenResourcesFiltering - Copying 1 resource from src\main\resources to target\classes
2025-07-07 21:34:07,318 [Worker-18: Building] INFO  o.a.m.s.f.DefaultMavenResourcesFiltering - Copying 0 resource from src\main\resources to target\classes
2025-07-07 21:34:07,325 [Worker-18: Building] INFO  o.a.m.s.f.DefaultMavenResourcesFiltering - skip non existing resourceDirectory C:\Users\shahh\Downloads\SpringBootWebFlux_Assign2_yashpanchal\src\test\resources
2025-07-07 21:34:41,512 [Worker-18: Building] INFO  o.a.m.s.f.DefaultMavenResourcesFiltering - Copying 1 resource from src\main\resources to target\classes
2025-07-07 21:34:41,533 [Worker-18: Building] INFO  o.a.m.s.f.DefaultMavenResourcesFiltering - Copying 0 resource from src\main\resources to target\classes
2025-07-07 21:34:41,550 [Worker-18: Building] INFO  o.a.m.s.f.DefaultMavenResourcesFiltering - skip non existing resourceDirectory C:\Users\shahh\Downloads\SpringBootWebFlux_Assign2_yashpanchal\src\test\resources
2025-07-07 21:36:30,251 [Worker-29: Building] INFO  o.a.m.s.f.DefaultMavenResourcesFiltering - Copying 1 resource from src\main\resources to target\classes
2025-07-07 21:36:30,266 [Worker-29: Building] INFO  o.a.m.s.f.DefaultMavenResourcesFiltering - Copying 0 resource from src\main\resources to target\classes
2025-07-07 21:36:30,273 [Worker-29: Building] INFO  o.a.m.s.f.DefaultMavenResourcesFiltering - skip non existing resourceDirectory C:\Users\shahh\Downloads\SpringBootWebFlux_Assign2_yashpanchal\src\test\resources
2025-07-07 21:37:14,273 [Worker-18: Building] INFO  o.e.m.c.i.l.LifecycleMappingFactory - Using org.eclipse.m2e.jdt.JarLifecycleMapping lifecycle mapping for MavenProject: com.example:SpringBootWebFlux_Assign2_HetviShah:0.0.1-SNAPSHOT @ C:\Users\shahh\Downloads\SpringBootWebFlux_Assign2_yashpanchal\pom.xml.
2025-07-07 21:37:15,336 [Worker-18: Building] INFO  o.a.m.s.f.DefaultMavenResourcesFiltering - Copying 0 resource from src\main\resources to target\classes
2025-07-07 21:37:15,337 [Worker-18: Building] INFO  o.a.m.s.f.DefaultMavenResourcesFiltering - Copying 0 resource from src\main\resources to target\classes
2025-07-07 21:37:15,352 [Worker-18: Building] INFO  o.a.m.s.f.DefaultMavenResourcesFiltering - skip non existing resourceDirectory C:\Users\shahh\Downloads\SpringBootWebFlux_Assign2_yashpanchal\src\test\resources
